[2025-11-25T05:41:21.576Z] Error: 7 PERMISSION_DENIED: Cloud Firestore API has not been used in project studynote-zalo before or it is disabled. Enable it by visiting https://console.developers.google.com/apis/api/firestore.googleapis.com/overview?project=studynote-zalo then retry. If you enabled this API recently, wait a few minutes for the action to propagate to our systems and retry.
Stack: Error: 7 PERMISSION_DENIED: Cloud Firestore API has not been used in project studynote-zalo before or it is disabled. Enable it by visiting https://console.developers.google.com/apis/api/firestore.googleapis.com/overview?project=studynote-zalo then retry. If you enabled this API recently, wait a few minutes for the action to propagate to our systems and retry.
    at callErrorFromStatus (/Users/tommac/Desktop/Solo Builder/studynote/server/node_modules/@grpc/grpc-js/build/src/call.js:32:19)
    at Object.onReceiveStatus (/Users/tommac/Desktop/Solo Builder/studynote/server/node_modules/@grpc/grpc-js/build/src/client.js:359:73)
    at Object.onReceiveStatus (/Users/tommac/Desktop/Solo Builder/studynote/server/node_modules/@grpc/grpc-js/build/src/client-interceptors.js:327:181)
    at /Users/tommac/Desktop/Solo Builder/studynote/server/node_modules/@grpc/grpc-js/build/src/resolving-call.js:135:78
    at process.processTicksAndRejections (node:internal/process/task_queues:77:11)
for call at
    at ServiceClientImpl.makeServerStreamRequest (/Users/tommac/Desktop/Solo Builder/studynote/server/node_modules/@grpc/grpc-js/build/src/client.js:342:32)
    at ServiceClientImpl.<anonymous> (/Users/tommac/Desktop/Solo Builder/studynote/server/node_modules/@grpc/grpc-js/build/src/make-client.js:105:19)
    at /Users/tommac/Desktop/Solo Builder/studynote/server/node_modules/@google-cloud/firestore/build/src/v1/firestore_client.js:242:33
    at /Users/tommac/Desktop/Solo Builder/studynote/server/node_modules/google-gax/build/src/streamingCalls/streamingApiCaller.js:38:28
    at /Users/tommac/Desktop/Solo Builder/studynote/server/node_modules/google-gax/build/src/normalCalls/timeout.js:44:16
    at Object.request (/Users/tommac/Desktop/Solo Builder/studynote/server/node_modules/google-gax/build/src/streamingCalls/streaming.js:234:40)
    at makeRequest (/Users/tommac/Desktop/Solo Builder/studynote/server/node_modules/retry-request/index.js:159:28)
    at retryRequest (/Users/tommac/Desktop/Solo Builder/studynote/server/node_modules/retry-request/index.js:119:5)
    at StreamProxy.setStream (/Users/tommac/Desktop/Solo Builder/studynote/server/node_modules/google-gax/build/src/streamingCalls/streaming.js:225:37)
    at StreamingApiCaller.call (/Users/tommac/Desktop/Solo Builder/studynote/server/node_modules/google-gax/build/src/streamingCalls/streamingApiCaller.js:54:16)
Caused by: Error
    at /Users/tommac/Desktop/Solo Builder/studynote/server/node_modules/@google-cloud/firestore/build/src/index.js:1040:27
    at /Users/tommac/Desktop/Solo Builder/studynote/server/node_modules/@google-cloud/firestore/build/src/telemetry/enabled-trace-util.js:110:30
    at NoopContextManager.with (/Users/tommac/Desktop/Solo Builder/studynote/server/node_modules/@opentelemetry/api/build/src/context/NoopContextManager.js:25:19)
    at ContextAPI.with (/Users/tommac/Desktop/Solo Builder/studynote/server/node_modules/@opentelemetry/api/build/src/api/context.js:60:46)
    at NoopTracer.startActiveSpan (/Users/tommac/Desktop/Solo Builder/studynote/server/node_modules/@opentelemetry/api/build/src/trace/NoopTracer.js:65:31)
    at ProxyTracer.startActiveSpan (/Users/tommac/Desktop/Solo Builder/studynote/server/node_modules/@opentelemetry/api/build/src/trace/ProxyTracer.js:36:24)
    at EnabledTraceUtil.startActiveSpan (/Users/tommac/Desktop/Solo Builder/studynote/server/node_modules/@google-cloud/firestore/build/src/telemetry/enabled-trace-util.js:102:28)
    at Firestore.getAll (/Users/tommac/Desktop/Solo Builder/studynote/server/node_modules/@google-cloud/firestore/build/src/index.js:1031:32)
    at /Users/tommac/Desktop/Solo Builder/studynote/server/node_modules/@google-cloud/firestore/build/src/reference/document-reference.js:182:36
    at /Users/tommac/Desktop/Solo Builder/studynote/server/node_modules/@google-cloud/firestore/build/src/telemetry/enabled-trace-util.js:110:30

[2025-11-25T05:45:35.712Z] Error: 7 PERMISSION_DENIED: Cloud Firestore API has not been used in project studynote-zalo before or it is disabled. Enable it by visiting https://console.developers.google.com/apis/api/firestore.googleapis.com/overview?project=studynote-zalo then retry. If you enabled this API recently, wait a few minutes for the action to propagate to our systems and retry.
Stack: Error: 7 PERMISSION_DENIED: Cloud Firestore API has not been used in project studynote-zalo before or it is disabled. Enable it by visiting https://console.developers.google.com/apis/api/firestore.googleapis.com/overview?project=studynote-zalo then retry. If you enabled this API recently, wait a few minutes for the action to propagate to our systems and retry.
    at callErrorFromStatus (/Users/tommac/Desktop/Solo Builder/studynote/server/node_modules/@grpc/grpc-js/build/src/call.js:32:19)
    at Object.onReceiveStatus (/Users/tommac/Desktop/Solo Builder/studynote/server/node_modules/@grpc/grpc-js/build/src/client.js:359:73)
    at Object.onReceiveStatus (/Users/tommac/Desktop/Solo Builder/studynote/server/node_modules/@grpc/grpc-js/build/src/client-interceptors.js:327:181)
    at /Users/tommac/Desktop/Solo Builder/studynote/server/node_modules/@grpc/grpc-js/build/src/resolving-call.js:135:78
    at process.processTicksAndRejections (node:internal/process/task_queues:77:11)
for call at
    at ServiceClientImpl.makeServerStreamRequest (/Users/tommac/Desktop/Solo Builder/studynote/server/node_modules/@grpc/grpc-js/build/src/client.js:342:32)
    at ServiceClientImpl.<anonymous> (/Users/tommac/Desktop/Solo Builder/studynote/server/node_modules/@grpc/grpc-js/build/src/make-client.js:105:19)
    at /Users/tommac/Desktop/Solo Builder/studynote/server/node_modules/@google-cloud/firestore/build/src/v1/firestore_client.js:242:33
    at /Users/tommac/Desktop/Solo Builder/studynote/server/node_modules/google-gax/build/src/streamingCalls/streamingApiCaller.js:38:28
    at /Users/tommac/Desktop/Solo Builder/studynote/server/node_modules/google-gax/build/src/normalCalls/timeout.js:44:16
    at Object.request (/Users/tommac/Desktop/Solo Builder/studynote/server/node_modules/google-gax/build/src/streamingCalls/streaming.js:234:40)
    at makeRequest (/Users/tommac/Desktop/Solo Builder/studynote/server/node_modules/retry-request/index.js:159:28)
    at retryRequest (/Users/tommac/Desktop/Solo Builder/studynote/server/node_modules/retry-request/index.js:119:5)
    at StreamProxy.setStream (/Users/tommac/Desktop/Solo Builder/studynote/server/node_modules/google-gax/build/src/streamingCalls/streaming.js:225:37)
    at StreamingApiCaller.call (/Users/tommac/Desktop/Solo Builder/studynote/server/node_modules/google-gax/build/src/streamingCalls/streamingApiCaller.js:54:16)
Caused by: Error
    at /Users/tommac/Desktop/Solo Builder/studynote/server/node_modules/@google-cloud/firestore/build/src/index.js:1040:27
    at /Users/tommac/Desktop/Solo Builder/studynote/server/node_modules/@google-cloud/firestore/build/src/telemetry/enabled-trace-util.js:110:30
    at NoopContextManager.with (/Users/tommac/Desktop/Solo Builder/studynote/server/node_modules/@opentelemetry/api/build/src/context/NoopContextManager.js:25:19)
    at ContextAPI.with (/Users/tommac/Desktop/Solo Builder/studynote/server/node_modules/@opentelemetry/api/build/src/api/context.js:60:46)
    at NoopTracer.startActiveSpan (/Users/tommac/Desktop/Solo Builder/studynote/server/node_modules/@opentelemetry/api/build/src/trace/NoopTracer.js:65:31)
    at ProxyTracer.startActiveSpan (/Users/tommac/Desktop/Solo Builder/studynote/server/node_modules/@opentelemetry/api/build/src/trace/ProxyTracer.js:36:24)
    at EnabledTraceUtil.startActiveSpan (/Users/tommac/Desktop/Solo Builder/studynote/server/node_modules/@google-cloud/firestore/build/src/telemetry/enabled-trace-util.js:102:28)
    at Firestore.getAll (/Users/tommac/Desktop/Solo Builder/studynote/server/node_modules/@google-cloud/firestore/build/src/index.js:1031:32)
    at /Users/tommac/Desktop/Solo Builder/studynote/server/node_modules/@google-cloud/firestore/build/src/reference/document-reference.js:182:36
    at /Users/tommac/Desktop/Solo Builder/studynote/server/node_modules/@google-cloud/firestore/build/src/telemetry/enabled-trace-util.js:110:30

[2025-11-25T06:47:40.321Z] Error: 7 PERMISSION_DENIED: Missing or insufficient permissions.
Stack: Error: 7 PERMISSION_DENIED: Missing or insufficient permissions.
    at callErrorFromStatus (/Users/tommac/Desktop/Solo Builder/studynote/server/node_modules/@grpc/grpc-js/build/src/call.js:32:19)
    at Object.onReceiveStatus (/Users/tommac/Desktop/Solo Builder/studynote/server/node_modules/@grpc/grpc-js/build/src/client.js:359:73)
    at Object.onReceiveStatus (/Users/tommac/Desktop/Solo Builder/studynote/server/node_modules/@grpc/grpc-js/build/src/client-interceptors.js:327:181)
    at /Users/tommac/Desktop/Solo Builder/studynote/server/node_modules/@grpc/grpc-js/build/src/resolving-call.js:135:78
    at process.processTicksAndRejections (node:internal/process/task_queues:77:11)
for call at
    at ServiceClientImpl.makeServerStreamRequest (/Users/tommac/Desktop/Solo Builder/studynote/server/node_modules/@grpc/grpc-js/build/src/client.js:342:32)
    at ServiceClientImpl.<anonymous> (/Users/tommac/Desktop/Solo Builder/studynote/server/node_modules/@grpc/grpc-js/build/src/make-client.js:105:19)
    at /Users/tommac/Desktop/Solo Builder/studynote/server/node_modules/@google-cloud/firestore/build/src/v1/firestore_client.js:242:33
    at /Users/tommac/Desktop/Solo Builder/studynote/server/node_modules/google-gax/build/src/streamingCalls/streamingApiCaller.js:38:28
    at /Users/tommac/Desktop/Solo Builder/studynote/server/node_modules/google-gax/build/src/normalCalls/timeout.js:44:16
    at Object.request (/Users/tommac/Desktop/Solo Builder/studynote/server/node_modules/google-gax/build/src/streamingCalls/streaming.js:234:40)
    at makeRequest (/Users/tommac/Desktop/Solo Builder/studynote/server/node_modules/retry-request/index.js:159:28)
    at retryRequest (/Users/tommac/Desktop/Solo Builder/studynote/server/node_modules/retry-request/index.js:119:5)
    at StreamProxy.setStream (/Users/tommac/Desktop/Solo Builder/studynote/server/node_modules/google-gax/build/src/streamingCalls/streaming.js:225:37)
    at StreamingApiCaller.call (/Users/tommac/Desktop/Solo Builder/studynote/server/node_modules/google-gax/build/src/streamingCalls/streamingApiCaller.js:54:16)
Caused by: Error
    at /Users/tommac/Desktop/Solo Builder/studynote/server/node_modules/@google-cloud/firestore/build/src/index.js:1040:27
    at /Users/tommac/Desktop/Solo Builder/studynote/server/node_modules/@google-cloud/firestore/build/src/telemetry/enabled-trace-util.js:110:30
    at NoopContextManager.with (/Users/tommac/Desktop/Solo Builder/studynote/server/node_modules/@opentelemetry/api/build/src/context/NoopContextManager.js:25:19)
    at ContextAPI.with (/Users/tommac/Desktop/Solo Builder/studynote/server/node_modules/@opentelemetry/api/build/src/api/context.js:60:46)
    at NoopTracer.startActiveSpan (/Users/tommac/Desktop/Solo Builder/studynote/server/node_modules/@opentelemetry/api/build/src/trace/NoopTracer.js:65:31)
    at ProxyTracer.startActiveSpan (/Users/tommac/Desktop/Solo Builder/studynote/server/node_modules/@opentelemetry/api/build/src/trace/ProxyTracer.js:36:24)
    at EnabledTraceUtil.startActiveSpan (/Users/tommac/Desktop/Solo Builder/studynote/server/node_modules/@google-cloud/firestore/build/src/telemetry/enabled-trace-util.js:102:28)
    at Firestore.getAll (/Users/tommac/Desktop/Solo Builder/studynote/server/node_modules/@google-cloud/firestore/build/src/index.js:1031:32)
    at /Users/tommac/Desktop/Solo Builder/studynote/server/node_modules/@google-cloud/firestore/build/src/reference/document-reference.js:182:36
    at /Users/tommac/Desktop/Solo Builder/studynote/server/node_modules/@google-cloud/firestore/build/src/telemetry/enabled-trace-util.js:110:30

[2025-11-25T06:54:52.593Z] Error: 7 PERMISSION_DENIED: Missing or insufficient permissions.
Stack: Error: 7 PERMISSION_DENIED: Missing or insufficient permissions.
    at callErrorFromStatus (/Users/tommac/Desktop/Solo Builder/studynote/server/node_modules/@grpc/grpc-js/build/src/call.js:32:19)
    at Object.onReceiveStatus (/Users/tommac/Desktop/Solo Builder/studynote/server/node_modules/@grpc/grpc-js/build/src/client.js:359:73)
    at Object.onReceiveStatus (/Users/tommac/Desktop/Solo Builder/studynote/server/node_modules/@grpc/grpc-js/build/src/client-interceptors.js:327:181)
    at /Users/tommac/Desktop/Solo Builder/studynote/server/node_modules/@grpc/grpc-js/build/src/resolving-call.js:135:78
    at process.processTicksAndRejections (node:internal/process/task_queues:77:11)
for call at
    at ServiceClientImpl.makeServerStreamRequest (/Users/tommac/Desktop/Solo Builder/studynote/server/node_modules/@grpc/grpc-js/build/src/client.js:342:32)
    at ServiceClientImpl.<anonymous> (/Users/tommac/Desktop/Solo Builder/studynote/server/node_modules/@grpc/grpc-js/build/src/make-client.js:105:19)
    at /Users/tommac/Desktop/Solo Builder/studynote/server/node_modules/@google-cloud/firestore/build/src/v1/firestore_client.js:242:33
    at /Users/tommac/Desktop/Solo Builder/studynote/server/node_modules/google-gax/build/src/streamingCalls/streamingApiCaller.js:38:28
    at /Users/tommac/Desktop/Solo Builder/studynote/server/node_modules/google-gax/build/src/normalCalls/timeout.js:44:16
    at Object.request (/Users/tommac/Desktop/Solo Builder/studynote/server/node_modules/google-gax/build/src/streamingCalls/streaming.js:234:40)
    at makeRequest (/Users/tommac/Desktop/Solo Builder/studynote/server/node_modules/retry-request/index.js:159:28)
    at retryRequest (/Users/tommac/Desktop/Solo Builder/studynote/server/node_modules/retry-request/index.js:119:5)
    at StreamProxy.setStream (/Users/tommac/Desktop/Solo Builder/studynote/server/node_modules/google-gax/build/src/streamingCalls/streaming.js:225:37)
    at StreamingApiCaller.call (/Users/tommac/Desktop/Solo Builder/studynote/server/node_modules/google-gax/build/src/streamingCalls/streamingApiCaller.js:54:16)
Caused by: Error
    at /Users/tommac/Desktop/Solo Builder/studynote/server/node_modules/@google-cloud/firestore/build/src/index.js:1040:27
    at /Users/tommac/Desktop/Solo Builder/studynote/server/node_modules/@google-cloud/firestore/build/src/telemetry/enabled-trace-util.js:110:30
    at NoopContextManager.with (/Users/tommac/Desktop/Solo Builder/studynote/server/node_modules/@opentelemetry/api/build/src/context/NoopContextManager.js:25:19)
    at ContextAPI.with (/Users/tommac/Desktop/Solo Builder/studynote/server/node_modules/@opentelemetry/api/build/src/api/context.js:60:46)
    at NoopTracer.startActiveSpan (/Users/tommac/Desktop/Solo Builder/studynote/server/node_modules/@opentelemetry/api/build/src/trace/NoopTracer.js:65:31)
    at ProxyTracer.startActiveSpan (/Users/tommac/Desktop/Solo Builder/studynote/server/node_modules/@opentelemetry/api/build/src/trace/ProxyTracer.js:36:24)
    at EnabledTraceUtil.startActiveSpan (/Users/tommac/Desktop/Solo Builder/studynote/server/node_modules/@google-cloud/firestore/build/src/telemetry/enabled-trace-util.js:102:28)
    at Firestore.getAll (/Users/tommac/Desktop/Solo Builder/studynote/server/node_modules/@google-cloud/firestore/build/src/index.js:1031:32)
    at /Users/tommac/Desktop/Solo Builder/studynote/server/node_modules/@google-cloud/firestore/build/src/reference/document-reference.js:182:36
    at /Users/tommac/Desktop/Solo Builder/studynote/server/node_modules/@google-cloud/firestore/build/src/telemetry/enabled-trace-util.js:110:30

